
=== Tue Jun 21 18:36:59 2022

Packages were changed.
Update Mode: mergeDefaultDependencies

The following packages were 已添加:
  com.unity.collab-proxy@1.15.13
  com.unity.ide.rider@2.0.7
  com.unity.ide.visualstudio@2.0.14
  com.unity.ide.vscode@1.2.5
  com.unity.modules.ai@1.0.0
  com.unity.modules.androidjni@1.0.0
  com.unity.modules.animation@1.0.0
  com.unity.modules.assetbundle@1.0.0
  com.unity.modules.audio@1.0.0
  com.unity.modules.autostreaming@1.0.0
  com.unity.modules.cloth@1.0.0
  com.unity.modules.director@1.0.0
  com.unity.modules.imageconversion@1.0.0
  com.unity.modules.imgui@1.0.0
  com.unity.modules.jsonserialize@1.0.0
  com.unity.modules.particlesystem@1.0.0
  com.unity.modules.physics@1.0.0
  com.unity.modules.physics2d@1.0.0
  com.unity.modules.screencapture@1.0.0
  com.unity.modules.terrain@1.0.0
  com.unity.modules.terrainphysics@1.0.0
  com.unity.modules.tilemap@1.0.0
  com.unity.modules.ui@1.0.0
  com.unity.modules.uielements@1.0.0
  com.unity.modules.umbra@1.0.0
  com.unity.modules.unityanalytics@1.0.0
  com.unity.modules.unitywebrequest@1.0.0
  com.unity.modules.unitywebrequestassetbundle@1.0.0
  com.unity.modules.unitywebrequestaudio@1.0.0
  com.unity.modules.unitywebrequesttexture@1.0.0
  com.unity.modules.unitywebrequestwww@1.0.0
  com.unity.modules.vehicles@1.0.0
  com.unity.modules.video@1.0.0
  com.unity.modules.vr@1.0.0
  com.unity.modules.wind@1.0.0
  com.unity.modules.xr@1.0.0
  com.unity.test-framework@1.1.31
  com.unity.textmeshpro@3.0.6
  com.unity.timeline@1.4.8
  com.unity.ugui@1.0.0
The following packages were 已更新:
  com.unity.2d.animation 从版本 5.0.10 到 5.1.1
  com.unity.2d.psdimporter 从版本 4.1.3 到 4.2.0
  com.unity.2d.spriteshape 从版本 5.1.7 到 5.2.0

=== Tue Jun 21 19:00:13 2022

Packages were changed.
Update Mode: mergeDefaultDependencies

The following packages were 已添加:
  com.unity.ads@3.7.1
  com.unity.purchasing@3.2.2
The following packages were 已更新:
  com.unity.collab-proxy 从版本 1.15.13 到 1.15.16

=== Tue Jun 21 20:12:09 2022

Packages were changed.
Update Mode: updateDependencies

The following packages were 已更新:
  com.unity.ads 从版本 3.7.1 到 3.7.5
  com.unity.purchasing 从版本 3.2.2 到 4.1.3

=== Tue Jun 21 20:22:49 2022

Packages were changed.
Update Mode: mergeDefaultDependencies

The following packages were 已添加:
  com.unity.purchasing@3.2.2
